<component name="libraryTable">
  <library name="junit-jupiter-engine-5.11.3">
    <CLASSES>
      <root url="jar://$PROJECT_DIR$/src/main/resources/test_res/junit-jupiter-engine-5.11.3.jar!/" />
    </CLASSES>
    <JAVADOC />
    <SOURCES />
  </library>
</component>